 - - [27/Aug/2022:06:37:16 +0000] "POST /callback HTTP/1.0" 500 265 "-" "LineBotWebhook/2.0"
 - - [27/Aug/2022:07:07:36 +0000] "POST /callback HTTP/1.0" 200 2 "-" "LineBotWebhook/2.0"
 - - [27/Aug/2022:07:08:24 +0000] "POST /callback HTTP/1.0" 200 2 "-" "LineBotWebhook/2.0"
 - - [27/Aug/2022:07:08:30 +0000] "POST /callback HTTP/1.0" 500 265 "-" "LineBotWebhook/2.0"
 - - [27/Aug/2022:07:08:40 +0000] "POST /callback HTTP/1.0" 200 2 "-" "LineBotWebhook/2.0"
 - - [27/Aug/2022:07:08:51 +0000] "POST /callback HTTP/1.0" 200 2 "-" "LineBotWebhook/2.0"
 - - [27/Aug/2022:07:09:09 +0000] "POST /callback HTTP/1.0" 200 2 "-" "LineBotWebhook/2.0"
 - - [27/Aug/2022:07:09:20 +0000] "POST /callback HTTP/1.0" 200 2 "-" "LineBotWebhook/2.0"
 - - [27/Aug/2022:07:09:57 +0000] "POST /callback HTTP/1.0" 200 2 "-" "LineBotWebhook/2.0"
 - - [27/Aug/2022:07:11:31 +0000] "POST /callback HTTP/1.0" 200 2 "-" "LineBotWebhook/2.0"
 - - [27/Aug/2022:07:12:56 +0000] "POST /callback HTTP/1.0" 500 265 "-" "LineBotWebhook/2.0"
 - - [27/Aug/2022:07:13:31 +0000] "POST /callback HTTP/1.0" 500 265 "-" "LineBotWebhook/2.0"
 - - [27/Aug/2022:07:14:11 +0000] "POST /callback HTTP/1.0" 500 265 "-" "LineBotWebhook/2.0"
 - - [27/Aug/2022:07:14:13 +0000] "POST /callback HTTP/1.0" 500 265 "-" "LineBotWebhook/2.0"
 - - [27/Aug/2022:07:14:17 +0000] "POST /callback HTTP/1.0" 500 265 "-" "LineBotWebhook/2.0"
 - - [27/Aug/2022:07:14:24 +0000] "POST /callback HTTP/1.0" 200 2 "-" "LineBotWebhook/2.0"
 - - [27/Aug/2022:07:14:37 +0000] "POST /callback HTTP/1.0" 200 2 "-" "LineBotWebhook/2.0"
 - - [27/Aug/2022:07:42:19 +0000] "GET / HTTP/1.0" 200 12 "-" "Mozilla/5.0 (Windows NT 6.2;en-US) AppleWebKit/537.32.36 (KHTML, live Gecko) Chrome/52.0.3050.81 Safari/537.32"
 - - [27/Aug/2022:08:02:39 +0000] "POST /callback HTTP/1.0" 200 2 "-" "LineBotWebhook/2.0"
 - - [27/Aug/2022:08:02:46 +0000] "POST /callback HTTP/1.0" 200 2 "-" "LineBotWebhook/2.0"
 - - [27/Aug/2022:08:05:44 +0000] "POST /callback HTTP/1.0" 200 2 "-" "LineBotWebhook/2.0"
 - - [27/Aug/2022:08:05:56 +0000] "POST /callback HTTP/1.0" 200 2 "-" "LineBotWebhook/2.0"
 - - [27/Aug/2022:08:06:06 +0000] "POST /callback HTTP/1.0" 200 2 "-" "LineBotWebhook/2.0"
 - - [27/Aug/2022:08:06:14 +0000] "POST /callback HTTP/1.0" 200 2 "-" "LineBotWebhook/2.0"
 - - [27/Aug/2022:08:06:24 +0000] "POST /callback HTTP/1.0" 200 2 "-" "LineBotWebhook/2.0"
 - - [27/Aug/2022:08:15:25 +0000] "POST /callback HTTP/1.0" 200 2 "-" "LineBotWebhook/2.0"
 - - [27/Aug/2022:08:18:22 +0000] "GET / HTTP/1.0" 200 12 "-" "Mozilla/5.0 (Windows NT 6.1) AppleWebKit/537.36 (KHTML, like Gecko) Chrome/49.0.2623.112 Safari/537.36"
 - - [27/Aug/2022:08:18:22 +0000] "GET /favicon.ico HTTP/1.0" 404 207 "-" "Mozilla/5.0 (Windows NT 6.1) AppleWebKit/537.36 (KHTML, like Gecko) Chrome/49.0.2623.112 Safari/537.36"
 - - [27/Aug/2022:08:24:38 +0000] "POST /callback HTTP/1.0" 200 2 "-" "LineBotWebhook/2.0"
 - - [27/Aug/2022:08:27:53 +0000] "POST /callback HTTP/1.0" 200 2 "-" "LineBotWebhook/2.0"
 - - [27/Aug/2022:08:34:39 +0000] "POST /callback HTTP/1.0" 200 2 "-" "LineBotWebhook/2.0"
 - - [27/Aug/2022:08:34:55 +0000] "GET /remote/fgt_lang?lang=/../../../..//////////dev/cmdb/sslvpn_websession HTTP/1.0" 404 207 "-" "Python-urllib/3.8"
 - - [27/Aug/2022:08:56:01 +0000] "GET / HTTP/1.0" 200 12 "-" "Mozilla/5.0 (X11; Ubuntu; Linux x86_64; rv:58.0) Gecko/20100101 Firefox/58.0"
 - - [27/Aug/2022:09:38:32 +0000] "GET / HTTP/1.0" 200 12 "-" "Mozilla/5.0 (X11; Ubuntu; Linux x86_64; rv:58.0) Gecko/20100101 Firefox/58.0"
 - - [27/Aug/2022:10:05:47 +0000] "POST /callback HTTP/1.0" 200 2 "-" "LineBotWebhook/2.0"
 - - [27/Aug/2022:10:05:53 +0000] "POST /callback HTTP/1.0" 200 2 "-" "LineBotWebhook/2.0"
 - - [27/Aug/2022:10:07:00 +0000] "GET / HTTP/1.0" 200 12 "-" "Mozilla/5.0 (X11; Ubuntu; Linux x86_64; rv:58.0) Gecko/20100101 Firefox/58.0"
 - - [27/Aug/2022:10:11:10 +0000] "POST /callback HTTP/1.0" 200 2 "-" "LineBotWebhook/2.0"
 - - [27/Aug/2022:10:18:56 +0000] "GET / HTTP/1.0" 200 12 "-" "Mozilla/5.0 (Windows NT 10.0; Win64; x64) AppleWebKit/537.36 (KHTML, like Gecko) Chrome/60.0.3112.113 Safari/537.36"
 - - [27/Aug/2022:10:19:03 +0000] "GET /webfig/ HTTP/1.0" 404 207 "-" "Mozilla/5.0 (Windows NT 10.0; Win64; x64) AppleWebKit/537.36 (KHTML, like Gecko) Chrome/60.0.3112.113 Safari/537.36"
 - - [27/Aug/2022:10:24:59 +0000] "POST /callback HTTP/1.0" 200 2 "-" "LineBotWebhook/2.0"
 - - [27/Aug/2022:10:25:07 +0000] "POST /callback HTTP/1.0" 200 2 "-" "LineBotWebhook/2.0"
 - - [27/Aug/2022:10:25:16 +0000] "POST /callback HTTP/1.0" 200 2 "-" "LineBotWebhook/2.0"
 - - [27/Aug/2022:10:25:29 +0000] "POST /callback HTTP/1.0" 200 2 "-" "LineBotWebhook/2.0"
 - - [27/Aug/2022:12:01:19 +0000] "GET / HTTP/1.0" 200 12 "-" "-"
 - - [27/Aug/2022:12:11:18 +0000] "GET /favicon.ico HTTP/1.0" 404 207 "-" "Mozilla/5.0 (Windows NT 10.0; Win64; x64) AppleWebKit/537.36 (KHTML, like Gecko) Chrome/104.0.0.0 Safari/537.36"
 - - [27/Aug/2022:12:25:07 +0000] "GET /remote/fgt_lang?lang=/../../../..//////////dev/cmdb/sslvpn_websession HTTP/1.0" 404 207 "-" "Python-urllib/3.8"
 - - [27/Aug/2022:12:46:42 +0000] "GET /.env HTTP/1.0" 404 207 "-" "Mozilla/5.0 (Linux; U; Android 4.4.2; en-US; HM NOTE 1W Build/KOT49H) AppleWebKit/534.30 (KHTML, like Gecko) Version/4.0 UCBrowser/11.0.5.850 U3/0.8.0 Mobile Safari/534.30"
 - - [27/Aug/2022:12:46:43 +0000] "POST / HTTP/1.0" 405 153 "-" "Mozilla/5.0 (Linux; U; Android 4.4.2; en-US; HM NOTE 1W Build/KOT49H) AppleWebKit/534.30 (KHTML, like Gecko) Version/4.0 UCBrowser/11.0.5.850 U3/0.8.0 Mobile Safari/534.30"
 - - [27/Aug/2022:12:46:45 +0000] "GET /_profiler/phpinfo HTTP/1.0" 404 207 "-" "Mozilla/5.0 (Linux; U; Android 4.4.2; en-US; HM NOTE 1W Build/KOT49H) AppleWebKit/534.30 (KHTML, like Gecko) Version/4.0 UCBrowser/11.0.5.850 U3/0.8.0 Mobile Safari/534.30"
 - - [27/Aug/2022:12:46:45 +0000] "GET /debug/default/view?panel=config HTTP/1.0" 404 207 "-" "Mozilla/5.0 (Linux; U; Android 4.4.2; en-US; HM NOTE 1W Build/KOT49H) AppleWebKit/534.30 (KHTML, like Gecko) Version/4.0 UCBrowser/11.0.5.850 U3/0.8.0 Mobile Safari/534.30"
 - - [27/Aug/2022:12:48:17 +0000] "GET / HTTP/1.0" 200 12 "-" "'Mozilla/5.0 (Windows NT 10.0; Win64; x64; rv:101.0) Gecko/20100101 Firefox/101.0'"
 - - [27/Aug/2022:13:31:50 +0000] "POST /callback HTTP/1.0" 200 2 "-" "LineBotWebhook/2.0"
 - - [27/Aug/2022:13:36:50 +0000] "GET / HTTP/1.0" 200 12 "-" "Mozilla/5.0 (Windows NT 10.0; Win64; x64) AppleWebKit/537.36 (KHTML, like Gecko) Chrome/60.0.3112.113 Safari/537.36"
 - - [27/Aug/2022:13:36:57 +0000] "GET /showLogin.cc HTTP/1.0" 404 207 "-" "Mozilla/5.0 (Windows NT 10.0; Win64; x64) AppleWebKit/537.36 (KHTML, like Gecko) Chrome/60.0.3112.113 Safari/537.36"
 - - [27/Aug/2022:13:37:38 +0000] "POST /callback HTTP/1.0" 200 2 "-" "LineBotWebhook/2.0"
 - - [27/Aug/2022:13:38:31 +0000] "POST /callback HTTP/1.0" 200 2 "-" "LineBotWebhook/2.0"
 - - [27/Aug/2022:13:50:35 +0000] "POST /callback HTTP/1.0" 200 2 "-" "LineBotWebhook/2.0"
 - - [27/Aug/2022:13:51:00 +0000] "POST /callback HTTP/1.0" 200 2 "-" "LineBotWebhook/2.0"
 - - [27/Aug/2022:13:51:08 +0000] "POST /callback HTTP/1.0" 200 2 "-" "LineBotWebhook/2.0"
 - - [27/Aug/2022:13:56:06 +0000] "POST /callback HTTP/1.0" 200 2 "-" "LineBotWebhook/2.0"
 - - [27/Aug/2022:13:58:51 +0000] "POST /callback HTTP/1.0" 200 2 "-" "LineBotWebhook/2.0"
 - - [27/Aug/2022:13:59:03 +0000] "POST /callback HTTP/1.0" 200 2 "-" "LineBotWebhook/2.0"
 - - [27/Aug/2022:13:59:17 +0000] "POST /callback HTTP/1.0" 200 2 "-" "LineBotWebhook/2.0"
 - - [27/Aug/2022:13:59:23 +0000] "POST /callback HTTP/1.0" 200 2 "-" "LineBotWebhook/2.0"
 - - [27/Aug/2022:13:59:50 +0000] "POST /callback HTTP/1.0" 200 2 "-" "LineBotWebhook/2.0"
 - - [27/Aug/2022:14:00:01 +0000] "POST /callback HTTP/1.0" 200 2 "-" "LineBotWebhook/2.0"
 - - [27/Aug/2022:14:03:22 +0000] "POST /callback HTTP/1.0" 200 2 "-" "LineBotWebhook/2.0"
 - - [27/Aug/2022:14:03:46 +0000] "POST /callback HTTP/1.0" 200 2 "-" "LineBotWebhook/2.0"
 - - [27/Aug/2022:14:05:30 +0000] "POST /callback HTTP/1.0" 200 2 "-" "LineBotWebhook/2.0"
 - - [27/Aug/2022:14:05:36 +0000] "POST /callback HTTP/1.0" 200 2 "-" "LineBotWebhook/2.0"
 - - [27/Aug/2022:14:05:43 +0000] "POST /callback HTTP/1.0" 200 2 "-" "LineBotWebhook/2.0"
 - - [27/Aug/2022:14:06:02 +0000] "POST /callback HTTP/1.0" 200 2 "-" "LineBotWebhook/2.0"
 - - [27/Aug/2022:14:06:17 +0000] "POST /callback HTTP/1.0" 500 265 "-" "LineBotWebhook/2.0"
 - - [27/Aug/2022:14:20:58 +0000] "POST /callback HTTP/1.0" 200 2 "-" "LineBotWebhook/2.0"
 - - [27/Aug/2022:14:21:27 +0000] "POST /callback HTTP/1.0" 200 2 "-" "LineBotWebhook/2.0"
 - - [27/Aug/2022:14:21:36 +0000] "POST /callback HTTP/1.0" 200 2 "-" "LineBotWebhook/2.0"
 - - [27/Aug/2022:14:28:40 +0000] "POST /callback HTTP/1.0" 200 2 "-" "LineBotWebhook/2.0"
 - - [27/Aug/2022:14:30:11 +0000] "POST /callback HTTP/1.0" 200 2 "-" "LineBotWebhook/2.0"
 - - [27/Aug/2022:14:50:58 +0000] "GET / HTTP/1.0" 200 12 "-" "-"
 - - [27/Aug/2022:14:51:41 +0000] "GET / HTTP/1.0" 200 12 "-" "Mozilla/5.0 (Windows NT 10.0; Win64; x64) AppleWebKit/537.36 (KHTML, like Gecko) Chrome/60.0.3112.113 Safari/537.36"
 - - [27/Aug/2022:15:20:21 +0000] "POST /callback HTTP/1.0" 200 2 "-" "LineBotWebhook/2.0"
 - - [27/Aug/2022:15:40:43 +0000] "GET / HTTP/1.0" 200 12 "-" "Nokia6630/1.0 (2.39.15) SymbianOS/8.0 Series60/2.6 Profile/MIDP-2.0 Configuration/CLDC-1.1"
